********************************************************************************
DUPLICATOR-LITE PACKAGE-LOG: November 10, 2020 8:36 pm
NOTICE: Do NOT post to public sites or forums 
********************************************************************************
VERSION:	1.3.38
WORDPRESS:	5.5.3
PHP INFO:	7.2.34 | SAPI: apache2handler
SERVER:		Apache/2.4.46 (Unix) OpenSSL/1.1.1h PHP/7.2.34 mod_perl/2.0.11 Perl/v5.32.0 
PHP TIME LIMIT: (0) no time limit imposed 
PHP MAX MEMORY: 4294967296 (512M default) 
MEMORY STACK: 4MB
[CTRL DUP ARCIVE] PACKAGE AS NEW ID 5 SAVED | STATUS:0
[DUP ARCHIVE] BUILDING DATABASE

********************************************************************************
DATABASE:
********************************************************************************
BUILD MODE:   MYSQLDUMP
MYSQLTIMEOUT: 5000
MYSQLDUMP:    Is Supported
MYSQL DUMP ERROR 2

==================================================================================
DUPLICATOR ERROR
Please try again! If the error persists see the Duplicator 'Help' menu.
---------------------------------------------------------------------------------
MESSAGE:
	Shell mysql dump error. Change Mysql dump engine in PHP mode
DETAILS:
	mysqldump: Got error: 2002: Can't connect to local MySQL server through socket '/tmp/mysql.sock' (2) when trying to connect
/* Duplicator WordPress Timestamp: 2020-11-10 20:36:23*/
/* DUPLICATOR_MYSQLDUMP_EOF */
TRACE:
	 1. class.pack.database.php : Error (546)
	 2. class.pack.database.php : mysqlDump (186)
	 3. class.pack.php : build (1233)
	 4. ctrl.package.php : runDupArchiveBuild (188)
	 5. class-wp-hook.php : duplicator_duparchive_package_build (287)
	 6. class-wp-hook.php : apply_filters (311)
	 7. plugin.php : do_action (478)
	 8. admin-ajax.php : do_action (176)
==================================================================================


==================================================================================
DUPLICATOR ERROR
Please try again! If the error persists see the Duplicator 'Help' menu.
---------------------------------------------------------------------------------
MESSAGE:
	Runtime error in DUP_Database::Build
DETAILS:
	Exception: Exception: DUPLICATOR ERROR: Please see the 'Package Log' file link below. in /Applications/XAMPP/xamppfiles/htdocs/wordpress/wp-content/plugins/duplicator/classes/class.logging.php:275
Stack trace:
#0 /Applications/XAMPP/xamppfiles/htdocs/wordpress/wp-content/plugins/duplicator/classes/package/class.pack.database.php(546): DUP_Log::Error('Shell mysql dum...', 'mysqldump: Got ...', 1)
#1 /Applications/XAMPP/xamppfiles/htdocs/wordpress/wp-content/plugins/duplicator/classes/package/class.pack.database.php(186): DUP_Database->mysqlDump('/usr/local/bin/...')
#2 /Applications/XAMPP/xamppfiles/htdocs/wordpress/wp-content/plugins/duplicator/classes/package/class.pack.php(1233): DUP_Database->build(Object(DUP_Package), 1)
#3 /Applications/XAMPP/xamppfiles/htdocs/wordpress/wp-content/plugins/duplicator/ctrls/ctrl.package.php(188): DUP_Package->runDupArchiveBuild()
#4 /Applications/XAMPP/xamppfiles/htdocs/wordpress/wp-includes/class-wp-hook.php(287): duplicator_duparchive_package_build('')
#5 /Applications/XAMPP/xamppfiles/htdocs/wordpress/wp-includes/class-wp-hook.php(311): WP_Hook->apply_filters('', Array)
#6 /Applications/XAMPP/xamppfiles/htdocs/wordpress/wp-includes/plugin.php(478): WP_Hook->do_action(Array)
#7 /Applications/XAMPP/xamppfiles/htdocs/wordpress/wp-admin/admin-ajax.php(176): do_action('wp_ajax_duplica...')
#8 {main}
TRACE:
	 1. class.pack.database.php : Error (221)
	 2. class.pack.php : build (1233)
	 3. ctrl.package.php : runDupArchiveBuild (188)
	 4. class-wp-hook.php : duplicator_duparchive_package_build (287)
	 5. class-wp-hook.php : apply_filters (311)
	 6. plugin.php : do_action (478)
	 7. admin-ajax.php : do_action (176)
==================================================================================

[CTRL DUP ARCIVE] ERROR: caught exception

==================================================================================
DUPLICATOR ERROR
Please try again! If the error persists see the Duplicator 'Help' menu.
---------------------------------------------------------------------------------
MESSAGE:
	[CTRL DUP ARCIVE]  Caught exception
DETAILS:
	DUPLICATOR ERROR: Please see the 'Package Log' file link below.
TRACE:
	 1. ctrl.package.php : Error (192)
	 2. class-wp-hook.php : duplicator_duparchive_package_build (287)
	 3. class-wp-hook.php : apply_filters (311)
	 4. plugin.php : do_action (478)
	 5. admin-ajax.php : do_action (176)
==================================================================================

[CTRL DUP ARCIVE] ERROR: after log
[CTRL DUP ARCIVE] COMPLETED PACKAGE STATUS: -1.0
[CTRL DUP ARCIVE] ERROR

==================================================================================
DUPLICATOR ERROR
Please try again! If the error persists see the Duplicator 'Help' menu.
---------------------------------------------------------------------------------
MESSAGE:
	Build failed so sending back error
DETAILS:
	Error building DupArchive package&lt;br/&gt;
TRACE:
	 1. ctrl.package.php : Error (218)
	 2. class-wp-hook.php : duplicator_duparchive_package_build (287)
	 3. class-wp-hook.php : apply_filters (311)
	 4. plugin.php : do_action (478)
	 5. admin-ajax.php : do_action (176)
==================================================================================

[CTRL DUP ARCIVE] ERROR AFTER LOG 2
